KeyKnowledge/app/build/intermediates/manifest_merge_blame_file/debug/manifest-merger-blame-debug-report.txt
1<?xml version="1.0" encoding="utf-8"?>
2<manifest xmlns:android="http://schemas.android.com/apk/res/android"
3    package="com.example.keyknowledge"
4    android:versionCode="1"
5    android:versionName="1.0" >
6
7    <uses-sdk
8        android:minSdkVersion="16"
8-->src\main\AndroidManifest.xml
9        android:targetSdkVersion="30" />
9-->src\main\AndroidManifest.xml
10
11    <!-- Although the *SdkVersion is captured in gradle build files, this is required for non gradle builds -->
12    <!-- <uses-sdk android:minSdkVersion="14"/> -->
13    <uses-permission android:name="android.permission.ACCESS_NETWORK_STATE" />
13-->[com.google.firebase:firebase-database:19.6.0] AndroidManifest.xml:25:5-79
13-->[com.google.firebase:firebase-database:19.6.0] AndroidManifest.xml:25:22-76
14    <uses-permission android:name="android.permission.INTERNET" />
14-->[com.google.firebase:firebase-database:19.6.0] AndroidManifest.xml:26:5-67
14-->[com.google.firebase:firebase-database:19.6.0] AndroidManifest.xml:26:22-64
15    <uses-permission android:name="android.permission.WAKE_LOCK" />
15-->[com.google.android.gms:play-services-measurement-api:18.0.1] AndroidManifest.xml:24:5-68
15-->[com.google.android.gms:play-services-measurement-api:18.0.1] AndroidManifest.xml:24:22-65
16    <uses-permission android:name="com.google.android.finsky.permission.BIND_GET_INSTALL_REFERRER_SERVICE" /> <!-- android:theme="@style/Theme.KeyKnowledge" -->
16-->[com.google.android.gms:play-services-measurement:18.0.1] AndroidManifest.xml:26:5-110
16-->[com.google.android.gms:play-services-measurement:18.0.1] AndroidManifest.xml:26:22-107
17    <!-- android:theme="@android:style/Theme.Black.NoTitleBar" -->
18    <!-- android:theme="@style/Theme.KeyKnowledge" -->
19    <application
19-->src\main\AndroidManifest.xml:7:5-44:19
20        android:allowBackup="true"
20-->src\main\AndroidManifest.xml:8:9-35
21        android:appComponentFactory="androidx.core.app.CoreComponentFactory"
21-->[androidx.core:core:1.3.1] AndroidManifest.xml:24:18-86
22        android:debuggable="true"
23        android:icon="@mipmap/ic_launcher"
23-->src\main\AndroidManifest.xml:9:9-43
24        android:label="KeyKnowledge"
24-->src\main\AndroidManifest.xml:10:9-37
25        android:roundIcon="@mipmap/ic_launcher_round"
25-->src\main\AndroidManifest.xml:11:9-54
26        android:supportsRtl="true"
26-->src\main\AndroidManifest.xml:12:9-35
27        android:testOnly="true"
28        android:theme="@style/Theme.KeyKnowledge" >
28-->src\main\AndroidManifest.xml:13:9-50
29        <activity
29-->src\main\AndroidManifest.xml:15:9-23:20
30            android:name="com.example.keyknowledge.MainActivity"
30-->src\main\AndroidManifest.xml:16:13-41
31            android:screenOrientation="portrait" >
31-->src\main\AndroidManifest.xml:17:13-49
32            <intent-filter>
32-->src\main\AndroidManifest.xml:19:13-22:29
33                <action android:name="android.intent.action.MAIN" />
33-->src\main\AndroidManifest.xml:20:17-69
33-->src\main\AndroidManifest.xml:20:25-66
34
35                <category android:name="android.intent.category.LAUNCHER" />
35-->src\main\AndroidManifest.xml:21:17-77
35-->src\main\AndroidManifest.xml:21:27-74
36            </intent-filter>
37        </activity>
38        <activity
38-->src\main\AndroidManifest.xml:24:9-27:15
39            android:name="com.example.keyknowledge.Login"
39-->src\main\AndroidManifest.xml:25:13-34
40            android:screenOrientation="portrait" />
40-->src\main\AndroidManifest.xml:26:13-49
41        <activity
41-->src\main\AndroidManifest.xml:28:9-31:15
42            android:name="com.example.keyknowledge.Knowledge"
42-->src\main\AndroidManifest.xml:29:13-38
43            android:screenOrientation="portrait" />
43-->src\main\AndroidManifest.xml:30:13-49
44        <activity
44-->src\main\AndroidManifest.xml:32:9-35:15
45            android:name="com.example.keyknowledge.Pairing"
45-->src\main\AndroidManifest.xml:33:13-36
46            android:screenOrientation="portrait" />
46-->src\main\AndroidManifest.xml:34:13-49
47        <activity
47-->src\main\AndroidManifest.xml:36:9-39:15
48            android:name="com.example.keyknowledge.Match"
48-->src\main\AndroidManifest.xml:37:13-34
49            android:screenOrientation="portrait" />
49-->src\main\AndroidManifest.xml:38:13-49
50        <activity
50-->src\main\AndroidManifest.xml:40:9-43:15
51            android:name="com.example.keyknowledge.EndMatch"
51-->src\main\AndroidManifest.xml:41:13-37
52            android:screenOrientation="portrait" />
52-->src\main\AndroidManifest.xml:42:13-49
53
54        <service
54-->[com.google.firebase:firebase-database:19.6.0] AndroidManifest.xml:29:9-35:19
55            android:name="com.google.firebase.components.ComponentDiscoveryService"
55-->[com.google.firebase:firebase-database:19.6.0] AndroidManifest.xml:30:13-84
56            android:directBootAware="true"
56-->[com.google.firebase:firebase-common:19.5.0] AndroidManifest.xml:35:13-43
57            android:exported="false" >
57-->[com.google.firebase:firebase-database:19.6.0] AndroidManifest.xml:31:13-37
58            <meta-data
58-->[com.google.firebase:firebase-database:19.6.0] AndroidManifest.xml:32:13-34:85
59                android:name="com.google.firebase.components:com.google.firebase.database.DatabaseRegistrar"
59-->[com.google.firebase:firebase-database:19.6.0] AndroidManifest.xml:33:17-109
60                android:value="com.google.firebase.components.ComponentRegistrar" />
60-->[com.google.firebase:firebase-database:19.6.0] AndroidManifest.xml:34:17-82
61            <meta-data
61-->[com.google.android.gms:play-services-measurement-api:18.0.1] AndroidManifest.xml:30:13-32:85
62                android:name="com.google.firebase.components:com.google.firebase.analytics.connector.internal.AnalyticsConnectorRegistrar"
62-->[com.google.android.gms:play-services-measurement-api:18.0.1] AndroidManifest.xml:31:17-139
63                android:value="com.google.firebase.components.ComponentRegistrar" />
63-->[com.google.android.gms:play-services-measurement-api:18.0.1] AndroidManifest.xml:32:17-82
64            <meta-data
64-->[com.google.firebase:firebase-installations:16.3.5] AndroidManifest.xml:18:13-20:85
65                android:name="com.google.firebase.components:com.google.firebase.installations.FirebaseInstallationsRegistrar"
65-->[com.google.firebase:firebase-installations:16.3.5] AndroidManifest.xml:19:17-127
66                android:value="com.google.firebase.components.ComponentRegistrar" />
66-->[com.google.firebase:firebase-installations:16.3.5] AndroidManifest.xml:20:17-82
67            <!--
68                This registrar is not defined in the dynamic-module-support sdk itself to allow non-firebase
69                clients to use it as well, by defining this registrar in their own core/common library.
70            -->
71            <meta-data
71-->[com.google.firebase:firebase-common:19.5.0] AndroidManifest.xml:43:13-45:85
72                android:name="com.google.firebase.components:com.google.firebase.dynamicloading.DynamicLoadingRegistrar"
72-->[com.google.firebase:firebase-common:19.5.0] AndroidManifest.xml:44:17-121
73                android:value="com.google.firebase.components.ComponentRegistrar" />
73-->[com.google.firebase:firebase-common:19.5.0] AndroidManifest.xml:45:17-82
74        </service>
75
76        <provider
76-->[com.google.firebase:firebase-common:19.5.0] AndroidManifest.xml:26:9-31:39
77            android:name="com.google.firebase.provider.FirebaseInitProvider"
77-->[com.google.firebase:firebase-common:19.5.0] AndroidManifest.xml:27:13-77
78            android:authorities="com.example.keyknowledge.firebaseinitprovider"
78-->[com.google.firebase:firebase-common:19.5.0] AndroidManifest.xml:28:13-72
79            android:directBootAware="true"
79-->[com.google.firebase:firebase-common:19.5.0] AndroidManifest.xml:29:13-43
80            android:exported="false"
80-->[com.google.firebase:firebase-common:19.5.0] AndroidManifest.xml:30:13-37
81            android:initOrder="100" />
81-->[com.google.firebase:firebase-common:19.5.0] AndroidManifest.xml:31:13-36
82
83        <activity
83-->[com.google.android.gms:play-services-base:17.0.0] AndroidManifest.xml:23:9-26:75
84            android:name="com.google.android.gms.common.api.GoogleApiActivity"
84-->[com.google.android.gms:play-services-base:17.0.0] AndroidManifest.xml:24:13-79
85            android:exported="false"
85-->[com.google.android.gms:play-services-base:17.0.0] AndroidManifest.xml:25:13-37
86            android:theme="@android:style/Theme.Translucent.NoTitleBar" />
86-->[com.google.android.gms:play-services-base:17.0.0] AndroidManifest.xml:26:13-72
87
88        <receiver
88-->[com.google.android.gms:play-services-measurement:18.0.1] AndroidManifest.xml:29:9-33:20
89            android:name="com.google.android.gms.measurement.AppMeasurementReceiver"
89-->[com.google.android.gms:play-services-measurement:18.0.1] AndroidManifest.xml:30:13-85
90            android:enabled="true"
90-->[com.google.android.gms:play-services-measurement:18.0.1] AndroidManifest.xml:31:13-35
91            android:exported="false" >
91-->[com.google.android.gms:play-services-measurement:18.0.1] AndroidManifest.xml:32:13-37
92        </receiver>
93
94        <service
94-->[com.google.android.gms:play-services-measurement:18.0.1] AndroidManifest.xml:35:9-38:40
95            android:name="com.google.android.gms.measurement.AppMeasurementService"
95-->[com.google.android.gms:play-services-measurement:18.0.1] AndroidManifest.xml:36:13-84
96            android:enabled="true"
96-->[com.google.android.gms:play-services-measurement:18.0.1] AndroidManifest.xml:37:13-35
97            android:exported="false" />
97-->[com.google.android.gms:play-services-measurement:18.0.1] AndroidManifest.xml:38:13-37
98        <service
98-->[com.google.android.gms:play-services-measurement:18.0.1] AndroidManifest.xml:39:9-43:72
99            android:name="com.google.android.gms.measurement.AppMeasurementJobService"
99-->[com.google.android.gms:play-services-measurement:18.0.1] AndroidManifest.xml:40:13-87
100            android:enabled="true"
100-->[com.google.android.gms:play-services-measurement:18.0.1] AndroidManifest.xml:41:13-35
101            android:exported="false"
101-->[com.google.android.gms:play-services-measurement:18.0.1] AndroidManifest.xml:42:13-37
102            android:permission="android.permission.BIND_JOB_SERVICE" />
102-->[com.google.android.gms:play-services-measurement:18.0.1] AndroidManifest.xml:43:13-69
103
104        <meta-data
104-->[com.google.android.gms:play-services-basement:17.0.0] AndroidManifest.xml:23:9-25:69
105            android:name="com.google.android.gms.version"
105-->[com.google.android.gms:play-services-basement:17.0.0] AndroidManifest.xml:24:13-58
106            android:value="@integer/google_play_services_version" />
106-->[com.google.android.gms:play-services-basement:17.0.0] AndroidManifest.xml:25:13-66
107    </application>
108
109</manifest>